<?xml version="1.0" encoding="UTF-8"?>
<testng-results skipped="0" failed="0" ignored="0" total="1" passed="1">
  <reporter-output>
  </reporter-output>
  <suite name="Default suite" duration-ms="5594" started-at="2022-07-27T15:41:29 CDT" finished-at="2022-07-27T15:41:34 CDT">
    <groups>
    </groups>
    <test name="Default test" duration-ms="5594" started-at="2022-07-27T15:41:29 CDT" finished-at="2022-07-27T15:41:34 CDT">
      <class name="test.ContactsPageTest">
        <test-method status="PASS" signature="userShouldBeAbleToCreateNewCustomer()[pri:0, instance:test.ContactsPageTest@2925bf5b]" name="userShouldBeAbleToCreateNewCustomer" duration-ms="5566" started-at="2022-07-27T15:41:29 CDT" finished-at="2022-07-27T15:41:34 CDT">
          <reporter-output>
          </reporter-output>
        </test-method> <!-- userShouldBeAbleToCreateNewCustomer -->
      </class> <!-- test.ContactsPageTest -->
    </test> <!-- Default test -->
  </suite> <!-- Default suite -->
</testng-results>
